[debug] [2026-03-08T06:30:28.335Z] ----------------------------------------------------------------------
[debug] [2026-03-08T06:30:28.338Z] Command:       C:\Program Files\nodejs\node.exe C:\Users\kalna\AppData\Roaming\npm\node_modules\firebase-tools\lib\bin\firebase.js deploy
[debug] [2026-03-08T06:30:28.338Z] CLI Version:   15.5.1
[debug] [2026-03-08T06:30:28.338Z] Platform:      win32
[debug] [2026-03-08T06:30:28.338Z] Node Version:  v24.11.1
[debug] [2026-03-08T06:30:28.338Z] Time:          Sun Mar 08 2026 15:30:28 GMT+0900 (대한민국 표준시)
[debug] [2026-03-08T06:30:28.338Z] ----------------------------------------------------------------------
[debug] 
[debug] [2026-03-08T06:30:29.861Z] > command requires scopes: ["email","openid","https://www.googleapis.com/auth/cloudplatformprojects.readonly","https://www.googleapis.com/auth/firebase","https://www.googleapis.com/auth/cloud-platform"]
[debug] [2026-03-08T06:30:29.861Z] > authorizing via signed-in user (kdevelop1592@gmail.com)
[debug] [2026-03-08T06:30:29.861Z] [iam] checking project words-book-cc9c3 for permissions ["datastore.indexes.create","datastore.indexes.delete","datastore.indexes.list","datastore.indexes.update","firebase.projects.get","firebasehosting.sites.update"]
[debug] [2026-03-08T06:30:29.862Z] Checked if tokens are valid: true, expires at: 1772954036319
[debug] [2026-03-08T06:30:29.862Z] Checked if tokens are valid: true, expires at: 1772954036319
[debug] [2026-03-08T06:30:29.863Z] >>> [apiv2][query] POST https://cloudresourcemanager.googleapis.com/v1/projects/words-book-cc9c3:testIamPermissions [none]
[debug] [2026-03-08T06:30:29.863Z] >>> [apiv2][(partial)header] POST https://cloudresourcemanager.googleapis.com/v1/projects/words-book-cc9c3:testIamPermissions  x-goog-user-project=words-book-cc9c3
[debug] [2026-03-08T06:30:29.863Z] >>> [apiv2][body] POST https://cloudresourcemanager.googleapis.com/v1/projects/words-book-cc9c3:testIamPermissions {"permissions":["datastore.indexes.create","datastore.indexes.delete","datastore.indexes.list","datastore.indexes.update","firebase.projects.get","firebasehosting.sites.update"]}
[debug] [2026-03-08T06:30:30.152Z] <<< [apiv2][status] POST https://cloudresourcemanager.googleapis.com/v1/projects/words-book-cc9c3:testIamPermissions 200
[debug] [2026-03-08T06:30:30.152Z] <<< [apiv2][body] POST https://cloudresourcemanager.googleapis.com/v1/projects/words-book-cc9c3:testIamPermissions {"permissions":["datastore.indexes.create","datastore.indexes.delete","datastore.indexes.list","datastore.indexes.update","firebase.projects.get","firebasehosting.sites.update"]}
[debug] [2026-03-08T06:30:30.153Z] Checked if tokens are valid: true, expires at: 1772954036319
[debug] [2026-03-08T06:30:30.153Z] Checked if tokens are valid: true, expires at: 1772954036319
[debug] [2026-03-08T06:30:30.153Z] >>> [apiv2][query] GET https://firebase.googleapis.com/v1beta1/projects/words-book-cc9c3 [none]
[debug] [2026-03-08T06:30:30.579Z] <<< [apiv2][status] GET https://firebase.googleapis.com/v1beta1/projects/words-book-cc9c3 200
[debug] [2026-03-08T06:30:30.579Z] <<< [apiv2][body] GET https://firebase.googleapis.com/v1beta1/projects/words-book-cc9c3 {"projectId":"words-book-cc9c3","projectNumber":"380718132972","displayName":"words-book","name":"projects/words-book-cc9c3","resources":{"hostingSite":"words-book-cc9c3"},"state":"ACTIVE","etag":"1_a842953f-0a10-451b-8626-1cc77e4688b0"}
[info] 
[info] === Deploying to 'words-book-cc9c3'...
[info] 
[info] i  deploying firestore, hosting 
[info] i  firestore: ensuring required API firestore.googleapis.com is enabled... 
[info] i  firestore: ensuring required API firestore.googleapis.com is enabled... 
[debug] [2026-03-08T06:30:30.582Z] Checked if tokens are valid: true, expires at: 1772954036319
[debug] [2026-03-08T06:30:30.582Z] Checked if tokens are valid: true, expires at: 1772954036319
[debug] [2026-03-08T06:30:30.582Z] >>> [apiv2][query] GET https://firestore.googleapis.com/v1/projects/words-book-cc9c3/databases/(default) [none]
[debug] [2026-03-08T06:30:30.725Z] <<< [apiv2][status] GET https://firestore.googleapis.com/v1/projects/words-book-cc9c3/databases/(default) 200
[debug] [2026-03-08T06:30:30.725Z] <<< [apiv2][body] GET https://firestore.googleapis.com/v1/projects/words-book-cc9c3/databases/(default) {"name":"projects/words-book-cc9c3/databases/(default)","uid":"46f82d40-6054-466b-aa28-23a8ed8d7d40","createTime":"2026-03-08T02:25:27.599576Z","updateTime":"2026-03-08T02:25:27.599576Z","locationId":"asia-northeast3","type":"FIRESTORE_NATIVE","concurrencyMode":"PESSIMISTIC","versionRetentionPeriod":"3600s","earliestVersionTime":"2026-03-08T05:30:31.421319Z","appEngineIntegrationMode":"DISABLED","keyPrefix":"v","pointInTimeRecoveryEnablement":"POINT_IN_TIME_RECOVERY_DISABLED","deleteProtectionState":"DELETE_PROTECTION_DISABLED","databaseEdition":"STANDARD","freeTier":true,"realtimeUpdatesMode":"REALTIME_UPDATES_MODE_ENABLED","etag":"IIC4mOLWj5MDMKTcpr7Tj5MD"}
[info] i  firestore: reading indexes from firestore.indexes.json... 
[debug] [2026-03-08T06:30:30.727Z] Checked if tokens are valid: true, expires at: 1772954036319
[debug] [2026-03-08T06:30:30.727Z] Checked if tokens are valid: true, expires at: 1772954036319
[debug] [2026-03-08T06:30:30.727Z] >>> [apiv2][query] POST https://firebasehosting.googleapis.com/v1beta1/projects/-/sites/words-book-cc9c3/versions [none]
[debug] [2026-03-08T06:30:30.727Z] >>> [apiv2][body] POST https://firebasehosting.googleapis.com/v1beta1/projects/-/sites/words-book-cc9c3/versions {"status":"CREATED","labels":{"deployment-tool":"cli-firebase"}}
